# JRE version: Java(TM) SE Runtime Environment (8.0_05-b13) (build 1.8.0_05-b13)
# Java VM: Java HotSpot(TM) 64-Bit Server VM (25.5-b02 mixed mode windows-amd64 compressed oops)
Heap:
 par new generation   total 306688K, used 275908K [0x00000000c0000000, 0x00000000d4cc0000, 0x00000000d4cc0000)
  eden space 272640K,  88% used [0x00000000c0000000, 0x00000000cec310b0, 0x00000000d0a40000)
  from space 34048K, 100% used [0x00000000d0a40000, 0x00000000d2b80000, 0x00000000d2b80000)
  to   space 34048K,   0% used [0x00000000d2b80000, 0x00000000d2b80000, 0x00000000d4cc0000)
 concurrent mark-sweep generation total 707840K, used 72248K [0x00000000d4cc0000, 0x0000000100000000, 0x0000000100000000)
 Metaspace       used 27051K, capacity 27193K, committed 27520K, reserved 1073152K
  class space    used 3542K, capacity 3593K, committed 3712K, reserved 1048576K
GC Heap History (10 events):
Event: 0.419 GC heap before
{Heap before GC invocations=0 (full 0):
 par new generation   total 306688K, used 43904K [0x00000000c0000000, 0x00000000d4cc0000, 0x00000000d4cc0000)
  eden space 272640K,  16% used [0x00000000c0000000, 0x00000000c2ae01c0, 0x00000000d0a40000)
  from space 34048K,   0% used [0x00000000d0a40000, 0x00000000d0a40000, 0x00000000d2b80000)
  to   space 34048K,   0% used [0x00000000d2b80000, 0x00000000d2b80000, 0x00000000d4cc0000)
 concurrent mark-sweep generation total 707840K, used 0K [0x00000000d4cc0000, 0x0000000100000000, 0x0000000100000000)
 Metaspace       used 9107K, capacity 9136K, committed 9344K, reserved 1056768K
  class space    used 1129K, capacity 1138K, committed 1152K, reserved 1048576K
Event: 0.436 GC heap after
Heap after GC invocations=1 (full 1):
 par new generation   total 306688K, used 0K [0x00000000c0000000, 0x00000000d4cc0000, 0x00000000d4cc0000)
  eden space 272640K,   0% used [0x00000000c0000000, 0x00000000c0000000, 0x00000000d0a40000)
  from space 34048K,   0% used [0x00000000d0a40000, 0x00000000d0a40000, 0x00000000d2b80000)
  to   space 34048K,   0% used [0x00000000d2b80000, 0x00000000d2b80000, 0x00000000d4cc0000)
 concurrent mark-sweep generation total 707840K, used 4874K [0x00000000d4cc0000, 0x0000000100000000, 0x0000000100000000)
 Metaspace       used 9107K, capacity 9136K, committed 9344K, reserved 1056768K
  class space    used 1129K, capacity 1138K, committed 1152K, reserved 1048576K
}
Event: 1.932 GC heap before
{Heap before GC invocations=1 (full 1):
 par new generation   total 306688K, used 272640K [0x00000000c0000000, 0x00000000d4cc0000, 0x00000000d4cc0000)
  eden space 272640K, 100% used [0x00000000c0000000, 0x00000000d0a40000, 0x00000000d0a40000)
  from space 34048K,   0% used [0x00000000d0a40000, 0x00000000d0a40000, 0x00000000d2b80000)
  to   space 34048K,   0% used [0x00000000d2b80000, 0x00000000d2b80000, 0x00000000d4cc0000)
 concurrent mark-sweep generation total 707840K, used 4874K [0x00000000d4cc0000, 0x0000000100000000, 0x0000000100000000)
 Metaspace       used 12549K, capacity 12706K, committed 12928K, reserved 1060864K
  class space    used 1562K, capacity 1627K, committed 1664K, reserved 1048576K
Event: 1.951 GC heap after
Heap after GC invocations=2 (full 1):
 par new generation   total 306688K, used 33487K [0x00000000c0000000, 0x00000000d4cc0000, 0x00000000d4cc0000)
  eden space 272640K,   0% used [0x00000000c0000000, 0x00000000c0000000, 0x00000000d0a40000)
  from space 34048K,  98% used [0x00000000d2b80000, 0x00000000d4c33ef8, 0x00000000d4cc0000)
  to   space 34048K,   0% used [0x00000000d0a40000, 0x00000000d0a40000, 0x00000000d2b80000)
 concurrent mark-sweep generation total 707840K, used 4874K [0x00000000d4cc0000, 0x0000000100000000, 0x0000000100000000)
 Metaspace       used 12549K, capacity 12706K, committed 12928K, reserved 1060864K
  class space    used 1562K, capacity 1627K, committed 1664K, reserved 1048576K
}
Event: 3.546 GC heap before
{Heap before GC invocations=2 (full 2):
 par new generation   total 306688K, used 306127K [0x00000000c0000000, 0x00000000d4cc0000, 0x00000000d4cc0000)
  eden space 272640K, 100% used [0x00000000c0000000, 0x00000000d0a40000, 0x00000000d0a40000)
  from space 34048K,  98% used [0x00000000d2b80000, 0x00000000d4c33ef8, 0x00000000d4cc0000)
  to   space 34048K,   0% used [0x00000000d0a40000, 0x00000000d0a40000, 0x00000000d2b80000)
 concurrent mark-sweep generation total 707840K, used 4874K [0x00000000d4cc0000, 0x0000000100000000, 0x0000000100000000)
 Metaspace       used 16477K, capacity 16596K, committed 16768K, reserved 1064960K
  class space    used 2067K, capacity 2110K, committed 2176K, reserved 1048576K
Event: 3.590 GC heap after
Heap after GC invocations=3 (full 2):
 par new generation   total 306688K, used 31050K [0x00000000c0000000, 0x00000000d4cc0000, 0x00000000d4cc0000)
  eden space 272640K,   0% used [0x00000000c0000000, 0x00000000c0000000, 0x00000000d0a40000)
  from space 34048K,  91% used [0x00000000d0a40000, 0x00000000d2892b60, 0x00000000d2b80000)
  to   space 34048K,   0% used [0x00000000d2b80000, 0x00000000d2b80000, 0x00000000d4cc0000)
 concurrent mark-sweep generation total 707840K, used 25386K [0x00000000d4cc0000, 0x0000000100000000, 0x0000000100000000)
 Metaspace       used 16477K, capacity 16596K, committed 16768K, reserved 1064960K
  class space    used 2067K, capacity 2110K, committed 2176K, reserved 1048576K
}
Event: 4.436 GC heap before
{Heap before GC invocations=3 (full 2):
 par new generation   total 306688K, used 303690K [0x00000000c0000000, 0x00000000d4cc0000, 0x00000000d4cc0000)
  eden space 272640K, 100% used [0x00000000c0000000, 0x00000000d0a40000, 0x00000000d0a40000)
  from space 34048K,  91% used [0x00000000d0a40000, 0x00000000d2892b60, 0x00000000d2b80000)
  to   space 34048K,   0% used [0x00000000d2b80000, 0x00000000d2b80000, 0x00000000d4cc0000)
 concurrent mark-sweep generation total 707840K, used 22925K [0x00000000d4cc0000, 0x0000000100000000, 0x0000000100000000)
 Metaspace       used 19023K, capacity 19188K, committed 19584K, reserved 1067008K
  class space    used 2559K, capacity 2590K, committed 2688K, reserved 1048576K
Event: 4.466 GC heap after
Heap after GC invocations=4 (full 2):
 par new generation   total 306688K, used 27509K [0x00000000c0000000, 0x00000000d4cc0000, 0x00000000d4cc0000)
  eden space 272640K,   0% used [0x00000000c0000000, 0x00000000c0000000, 0x00000000d0a40000)
  from space 34048K,  80% used [0x00000000d2b80000, 0x00000000d465d748, 0x00000000d4cc0000)
  to   space 34048K,   0% used [0x00000000d0a40000, 0x00000000d0a40000, 0x00000000d2b80000)
 concurrent mark-sweep generation total 707840K, used 46092K [0x00000000d4cc0000, 0x0000000100000000, 0x0000000100000000)
 Metaspace       used 19023K, capacity 19188K, committed 19584K, reserved 1067008K
  class space    used 2559K, capacity 2590K, committed 2688K, reserved 1048576K
}
Event: 6.945 GC heap before
{Heap before GC invocations=4 (full 2):
 par new generation   total 306688K, used 300149K [0x00000000c0000000, 0x00000000d4cc0000, 0x00000000d4cc0000)
  eden space 272640K, 100% used [0x00000000c0000000, 0x00000000d0a40000, 0x00000000d0a40000)
  from space 34048K,  80% used [0x00000000d2b80000, 0x00000000d465d748, 0x00000000d4cc0000)
  to   space 34048K,   0% used [0x00000000d0a40000, 0x00000000d0a40000, 0x00000000d2b80000)
 concurrent mark-sweep generation total 707840K, used 46092K [0x00000000d4cc0000, 0x0000000100000000, 0x0000000100000000)
 Metaspace       used 23766K, capacity 23957K, committed 24320K, reserved 1071104K
  class space    used 3115K, capacity 3201K, committed 3328K, reserved 1048576K
Event: 6.980 GC heap after
Heap after GC invocations=5 (full 2):
 par new generation   total 306688K, used 34048K [0x00000000c0000000, 0x00000000d4cc0000, 0x00000000d4cc0000)
  eden space 272640K,   0% used [0x00000000c0000000, 0x00000000c0000000, 0x00000000d0a40000)
  from space 34048K, 100% used [0x00000000d0a40000, 0x00000000d2b80000, 0x00000000d2b80000)
  to   space 34048K,   0% used [0x00000000d2b80000, 0x00000000d2b80000, 0x00000000d4cc0000)
 concurrent mark-sweep generation total 707840K, used 72248K [0x00000000d4cc0000, 0x0000000100000000, 0x0000000100000000)
 Metaspace       used 23766K, capacity 23957K, committed 24320K, reserved 1071104K
  class space    used 3115K, capacity 3201K, committed 3328K, reserved 1048576K
}

